#
# There is insufficient memory for the Java Runtime Environment to continue.
# Native memory allocation (mmap) failed to map 153616384 bytes for committing reserved memory.
# Possible reasons:
#   The system is out of physical RAM or swap space
#   In 32 bit mode, the process size limit was hit
# Possible solutions:
#   Reduce memory load on the system
#   Increase physical memory or swap space
#   Check if swap backing store is full
#   Use 64 bit Java on a 64 bit OS
#   Decrease Java heap size (-Xmx/-Xms)
#   Decrease number of Java threads
#   Decrease Java thread stack sizes (-Xss)
#   Set larger code cache with -XX:ReservedCodeCacheSize=
# This output file may be truncated or incomplete.
#
#  Out of Memory Error (os_linux.cpp:2638), pid=25285, tid=140515777464064
#
# JRE version: OpenJDK Runtime Environment (8.0_91-b14) (build 1.8.0_91-b14)
# Java VM: OpenJDK 64-Bit Server VM (25.91-b14 mixed mode linux-amd64 compressed oops)
# Failed to write core dump. Core dumps have been disabled. To enable core dumping, try "ulimit -c unlimited" before starting Java again
#

---------------  T H R E A D  ---------------

Current thread (0x00007fcc74082800):  VMThread [stack: 0x00007fcc60f04000,0x00007fcc61005000] [id=25294]

Stack: [0x00007fcc60f04000,0x00007fcc61005000],  sp=0x00007fcc61003460,  free space=1021k
Native frames: (J=compiled Java code, j=interpreted, Vv=VM code, C=native code)
V  [libjvm.so+0xa0a54d]
V  [libjvm.so+0x4c591a]
V  [libjvm.so+0x86d500]
V  [libjvm.so+0x867bfe]
V  [libjvm.so+0x8def2b]
V  [libjvm.so+0x8cf79a]
V  [libjvm.so+0x8cf96b]
V  [libjvm.so+0x8d02b8]
V  [libjvm.so+0x8d5afc]
V  [libjvm.so+0x8dcded]
V  [libjvm.so+0x890fb3]
V  [libjvm.so+0xa0c1a3]
V  [libjvm.so+0xa10707]
V  [libjvm.so+0xa0f0f8]
V  [libjvm.so+0xa0f5c9]
V  [libjvm.so+0xa0fa21]
V  [libjvm.so+0x86a932]

VM_Operation (0x00007fcc7aae2ed0): ParallelGCFailedAllocation, mode: safepoint, requested by thread 0x00007fcc7400b000


---------------  P R O C E S S  ---------------

Java Threads: ( => current thread )
  0x00007fcc740d5000 JavaThread "Service Thread" daemon [_thread_blocked, id=25300, stack(0x00007fcc608fe000,0x00007fcc609ff000)]
  0x00007fcc740ca000 JavaThread "C1 CompilerThread1" daemon [_thread_blocked, id=25299, stack(0x00007fcc609ff000,0x00007fcc60b00000)]
  0x00007fcc740bd000 JavaThread "C2 CompilerThread0" daemon [_thread_blocked, id=25298, stack(0x00007fcc60b00000,0x00007fcc60c01000)]
  0x00007fcc740ba800 JavaThread "Signal Dispatcher" daemon [_thread_blocked, id=25297, stack(0x00007fcc60c01000,0x00007fcc60d02000)]
  0x00007fcc74090800 JavaThread "Finalizer" daemon [_thread_blocked, id=25296, stack(0x00007fcc60d02000,0x00007fcc60e03000)]
  0x00007fcc7408c000 JavaThread "Reference Handler" daemon [_thread_blocked, id=25295, stack(0x00007fcc60e03000,0x00007fcc60f04000)]
  0x00007fcc7400b000 JavaThread "main" [_thread_blocked, id=25291, stack(0x00007fcc7a9e5000,0x00007fcc7aae6000)]

Other Threads:
=>0x00007fcc74082800 VMThread [stack: 0x00007fcc60f04000,0x00007fcc61005000] [id=25294]
  0x00007fcc740d7800 WatcherThread [stack: 0x00007fcc607fd000,0x00007fcc608fe000] [id=25301]

VM state:at safepoint (normal execution)

VM Mutex/Monitor currently owned by a thread:  ([mutex/lock_event])
[0x00007fcc74007cd0] ExpandHeap_lock - owner thread: 0x00007fcc74082800
[0x00007fcc74008350] Threads_lock - owner thread: 0x00007fcc74082800
[0x00007fcc74008850] Heap_lock - owner thread: 0x00007fcc7400b000

Heap:
 PSYoungGen      total 210944K, used 0K [0x00000000ecb00000, 0x0000000100000000, 0x0000000100000000)
  eden space 105472K, 0% used [0x00000000ecb00000,0x00000000ecb00000,0x00000000f3200000)
  from space 105472K, 0% used [0x00000000f3200000,0x00000000f3200000,0x00000000f9900000)
  to   space 105472K, 0% used [0x00000000f9900000,0x00000000f9900000,0x0000000100000000)
 ParOldGen       total 459264K, used 446405K [0x00000000c6000000, 0x00000000e2080000, 0x00000000ecb00000)
  object space 459264K, 97% used [0x00000000c6000000,0x00000000e13f1408,0x00000000e2080000)
 Metaspace       used 21110K, capacity 21444K, committed 21632K, reserved 1069056K
  class space    used 2494K, capacity 2584K, committed 2688K, reserved 1048576K

Card table byte_map: [0x00007fcc64424000,0x00007fcc645f5000] byte_map_base: 0x00007fcc63df4000

Marking Bits: (ParMarkBitMap*) 0x00007fcc79cb90c0
 Begin Bits: [0x00007fcc62522000, 0x00007fcc633a2000)
 End Bits:   [0x00007fcc633a2000, 0x00007fcc64222000)

Polling page: 0x00007fcc7aafc000

CodeCache: size=245760Kb used=5587Kb max_used=5601Kb free=240172Kb
 bounds [0x00007fcc649b5000, 0x00007fcc64f35000, 0x00007fcc739b5000]
 total_blobs=2048 nmethods=1623 adapters=339
 compilation: enabled

Compilation events (10 events):
Event: 27,171 Thread 0x00007fcc740bd000 1704   !   4       java.util.zip.Inflater::setInput (74 bytes)
Event: 27,174 Thread 0x00007fcc740bd000 nmethod 1704 0x00007fcc64f2c810 code [0x00007fcc64f2c960, 0x00007fcc64f2cc58]
Event: 27,174 Thread 0x00007fcc740bd000 1547       4       edu.stanford.nlp.tagger.maxent.AmbiguityClass::hashCode (8 bytes)
Event: 27,176 Thread 0x00007fcc740bd000 nmethod 1547 0x00007fcc64f13a50 code [0x00007fcc64f13ba0, 0x00007fcc64f13d18]
Event: 27,294 Thread 0x00007fcc740bd000 1709       4       java.util.zip.InflaterInputStream::available (15 bytes)
Event: 27,295 Thread 0x00007fcc740bd000 nmethod 1709 0x00007fcc64ef6950 code [0x00007fcc64ef6aa0, 0x00007fcc64ef6b38]
Event: 27,619 Thread 0x00007fcc740bd000 1710       4       java.util.zip.GZIPInputStream::read (65 bytes)
Event: 27,621 Thread 0x00007fcc740bd000 nmethod 1710 0x00007fcc64f2ad50 code [0x00007fcc64f2aec0, 0x00007fcc64f2b0c8]
Event: 27,728 Thread 0x00007fcc740bd000 1711       4       java.io.FileInputStream::read (8 bytes)
Event: 27,728 Thread 0x00007fcc740bd000 nmethod 1711 0x00007fcc64f248d0 code [0x00007fcc64f24a20, 0x00007fcc64f24aa8]

GC Heap History (10 events):
Event: 28,360 GC heap after
Heap after GC invocations=14 (full 4):
 PSYoungGen      total 206848K, used 101344K [0x00000000ecb00000, 0x0000000100000000, 0x0000000100000000)
  eden space 105472K, 0% used [0x00000000ecb00000,0x00000000ecb00000,0x00000000f3200000)
  from space 101376K, 99% used [0x00000000f9d00000,0x00000000ffff8040,0x0000000100000000)
  to   space 105472K, 0% used [0x00000000f3200000,0x00000000f3200000,0x00000000f9900000)
 ParOldGen       total 311808K, used 208226K [0x00000000c6000000, 0x00000000d9080000, 0x00000000ecb00000)
  object space 311808K, 66% used [0x00000000c6000000,0x00000000d2b58860,0x00000000d9080000)
 Metaspace       used 21110K, capacity 21444K, committed 21632K, reserved 1069056K
  class space    used 2494K, capacity 2584K, committed 2688K, reserved 1048576K
}
Event: 28,929 GC heap before
{Heap before GC invocations=15 (full 4):
 PSYoungGen      total 206848K, used 206816K [0x00000000ecb00000, 0x0000000100000000, 0x0000000100000000)
  eden space 105472K, 100% used [0x00000000ecb00000,0x00000000f3200000,0x00000000f3200000)
  from space 101376K, 99% used [0x00000000f9d00000,0x00000000ffff8040,0x0000000100000000)
  to   space 105472K, 0% used [0x00000000f3200000,0x00000000f3200000,0x00000000f9900000)
 ParOldGen       total 311808K, used 208226K [0x00000000c6000000, 0x00000000d9080000, 0x00000000ecb00000)
  object space 311808K, 66% used [0x00000000c6000000,0x00000000d2b58860,0x00000000d9080000)
 Metaspace       used 21110K, capacity 21444K, committed 21632K, reserved 1069056K
  class space    used 2494K, capacity 2584K, committed 2688K, reserved 1048576K
Event: 29,854 GC heap after
Heap after GC invocations=15 (full 4):
 PSYoungGen      total 210944K, used 49856K [0x00000000ecb00000, 0x0000000100000000, 0x0000000100000000)
  eden space 105472K, 0% used [0x00000000ecb00000,0x00000000ecb00000,0x00000000f3200000)
  from space 105472K, 47% used [0x00000000f3200000,0x00000000f62b0000,0x00000000f9900000)
  to   space 105472K, 0% used [0x00000000f9900000,0x00000000f9900000,0x0000000100000000)
 ParOldGen       total 311808K, used 309754K [0x00000000c6000000, 0x00000000d9080000, 0x00000000ecb00000)
  object space 311808K, 99% used [0x00000000c6000000,0x00000000d8e7e8a0,0x00000000d9080000)
 Metaspace       used 21110K, capacity 21444K, committed 21632K, reserved 1069056K
  class space    used 2494K, capacity 2584K, committed 2688K, reserved 1048576K
}
Event: 29,854 GC heap before
{Heap before GC invocations=16 (full 5):
 PSYoungGen      total 210944K, used 49856K [0x00000000ecb00000, 0x0000000100000000, 0x0000000100000000)
  eden space 105472K, 0% used [0x00000000ecb00000,0x00000000ecb00000,0x00000000f3200000)
  from space 105472K, 47% used [0x00000000f3200000,0x00000000f62b0000,0x00000000f9900000)
  to   space 105472K, 0% used [0x00000000f9900000,0x00000000f9900000,0x0000000100000000)
 ParOldGen       total 311808K, used 309754K [0x00000000c6000000, 0x00000000d9080000, 0x00000000ecb00000)
  object space 311808K, 99% used [0x00000000c6000000,0x00000000d8e7e8a0,0x00000000d9080000)
 Metaspace       used 21110K, capacity 21444K, committed 21632K, reserved 1069056K
  class space    used 2494K, capacity 2584K, committed 2688K, reserved 1048576K
Event: 32,139 GC heap after
Heap after GC invocations=16 (full 5):
 PSYoungGen      total 210944K, used 34947K [0x00000000ecb00000, 0x0000000100000000, 0x0000000100000000)
  eden space 105472K, 0% used [0x00000000ecb00000,0x00000000ecb00000,0x00000000f3200000)
  from space 105472K, 33% used [0x00000000f3200000,0x00000000f5420ea8,0x00000000f9900000)
  to   space 105472K, 0% used [0x00000000f9900000,0x00000000f9900000,0x0000000100000000)
 ParOldGen       total 459264K, used 311620K [0x00000000c6000000, 0x00000000e2080000, 0x00000000ecb00000)
  object space 459264K, 67% used [0x00000000c6000000,0x00000000d9051328,0x00000000e2080000)
 Metaspace       used 21110K, capacity 21444K, committed 21632K, reserved 1069056K
  class space    used 2494K, capacity 2584K, committed 2688K, reserved 1048576K
}
Event: 32,802 GC heap before
{Heap before GC invocations=17 (full 5):
 PSYoungGen      total 210944K, used 139215K [0x00000000ecb00000, 0x0000000100000000, 0x0000000100000000)
  eden space 105472K, 98% used [0x00000000ecb00000,0x00000000f30d2ee8,0x00000000f3200000)
  from space 105472K, 33% used [0x00000000f3200000,0x00000000f5420ea8,0x00000000f9900000)
  to   space 105472K, 0% used [0x00000000f9900000,0x00000000f9900000,0x0000000100000000)
 ParOldGen       total 459264K, used 311620K [0x00000000c6000000, 0x00000000e2080000, 0x00000000ecb00000)
  object space 459264K, 67% used [0x00000000c6000000,0x00000000d9051328,0x00000000e2080000)
 Metaspace       used 21110K, capacity 21444K, committed 21632K, reserved 1069056K
  class space    used 2494K, capacity 2584K, committed 2688K, reserved 1048576K
Event: 33,421 GC heap after
Heap after GC invocations=17 (full 5):
 PSYoungGen      total 210944K, used 48736K [0x00000000ecb00000, 0x0000000100000000, 0x0000000100000000)
  eden space 105472K, 0% used [0x00000000ecb00000,0x00000000ecb00000,0x00000000f3200000)
  from space 105472K, 46% used [0x00000000f9900000,0x00000000fc898000,0x0000000100000000)
  to   space 105472K, 0% used [0x00000000f3200000,0x00000000f3200000,0x00000000f9900000)
 ParOldGen       total 459264K, used 346724K [0x00000000c6000000, 0x00000000e2080000, 0x00000000ecb00000)
  object space 459264K, 75% used [0x00000000c6000000,0x00000000db299328,0x00000000e2080000)
 Metaspace       used 21110K, capacity 21444K, committed 21632K, reserved 1069056K
  class space    used 2494K, capacity 2584K, committed 2688K, reserved 1048576K
}
Event: 33,680 GC heap before
{Heap before GC invocations=18 (full 5):
 PSYoungGen      total 210944K, used 154208K [0x00000000ecb00000, 0x0000000100000000, 0x0000000100000000)
  eden space 105472K, 100% used [0x00000000ecb00000,0x00000000f3200000,0x00000000f3200000)
  from space 105472K, 46% used [0x00000000f9900000,0x00000000fc898000,0x0000000100000000)
  to   space 105472K, 0% used [0x00000000f3200000,0x00000000f3200000,0x00000000f9900000)
 ParOldGen       total 459264K, used 346724K [0x00000000c6000000, 0x00000000e2080000, 0x00000000ecb00000)
  object space 459264K, 75% used [0x00000000c6000000,0x00000000db299328,0x00000000e2080000)
 Metaspace       used 21110K, capacity 21444K, committed 21632K, reserved 1069056K
  class space    used 2494K, capacity 2584K, committed 2688K, reserved 1048576K
Event: 34,264 GC heap after
Heap after GC invocations=18 (full 5):
 PSYoungGen      total 210944K, used 76608K [0x00000000ecb00000, 0x0000000100000000, 0x0000000100000000)
  eden space 105472K, 0% used [0x00000000ecb00000,0x00000000ecb00000,0x00000000f3200000)
  from space 105472K, 72% used [0x00000000f3200000,0x00000000f7cd0030,0x00000000f9900000)
  to   space 105472K, 0% used [0x00000000f9900000,0x00000000f9900000,0x0000000100000000)
 ParOldGen       total 459264K, used 395564K [0x00000000c6000000, 0x00000000e2080000, 0x00000000ecb00000)
  object space 459264K, 86% used [0x00000000c6000000,0x00000000de24b328,0x00000000e2080000)
 Metaspace       used 21110K, capacity 21444K, committed 21632K, reserved 1069056K
  class space    used 2494K, capacity 2584K, committed 2688K, reserved 1048576K
}
Event: 34,264 GC heap before
{Heap before GC invocations=19 (full 6):
 PSYoungGen      total 210944K, used 76608K [0x00000000ecb00000, 0x0000000100000000, 0x0000000100000000)
  eden space 105472K, 0% used [0x00000000ecb00000,0x00000000ecb00000,0x00000000f3200000)
  from space 105472K, 72% used [0x00000000f3200000,0x00000000f7cd0030,0x00000000f9900000)
  to   space 105472K, 0% used [0x00000000f9900000,0x00000000f9900000,0x0000000100000000)
 ParOldGen       total 459264K, used 395564K [0x00000000c6000000, 0x00000000e2080000, 0x00000000ecb00000)
  object space 459264K, 86% used [0x00000000c6000000,0x00000000de24b328,0x00000000e2080000)
 Metaspace       used 21110K, capacity 21444K, committed 21632K, reserved 1069056K
  class space    used 2494K, capacity 2584K, committed 2688K, reserved 1048576K

Deoptimization events (10 events):
Event: 22,614 Thread 0x00007fcc7400b000 Uncommon trap: reason=bimorphic action=maybe_recompile pc=0x00007fcc64e314d8 method=sun.reflect.DelegatingConstructorAccessorImpl.newInstance([Ljava/lang/Object;)Ljava/lang/Object; @ 5
Event: 22,733 Thread 0x00007fcc7400b000 Uncommon trap: reason=unstable_if action=reinterpret pc=0x00007fcc64e52b78 method=java.io.ObjectInputStream$HandleTable.assign(Ljava/lang/Object;)I @ 9
Event: 22,738 Thread 0x00007fcc7400b000 Uncommon trap: reason=bimorphic action=maybe_recompile pc=0x00007fcc64e017bc method=java.io.BufferedInputStream.read([BII)I @ 101
Event: 22,762 Thread 0x00007fcc7400b000 Uncommon trap: reason=bimorphic action=maybe_recompile pc=0x00007fcc64e017bc method=java.io.BufferedInputStream.read([BII)I @ 101
Event: 22,763 Thread 0x00007fcc7400b000 Uncommon trap: reason=bimorphic action=maybe_recompile pc=0x00007fcc64e017bc method=java.io.BufferedInputStream.read([BII)I @ 101
Event: 22,763 Thread 0x00007fcc7400b000 Uncommon trap: reason=bimorphic action=maybe_recompile pc=0x00007fcc64e017bc method=java.io.BufferedInputStream.read([BII)I @ 101
Event: 23,790 Thread 0x00007fcc7400b000 Uncommon trap: reason=unstable_if action=reinterpret pc=0x00007fcc64eeae54 method=java.io.ObjectStreamClass.hasReadObjectMethod()Z @ 8
Event: 23,910 Thread 0x00007fcc7400b000 Uncommon trap: reason=unstable_if action=reinterpret pc=0x00007fcc64ee5d18 method=java.io.ObjectStreamClass$FieldReflector.setPrimFieldValues(Ljava/lang/Object;[B)V @ 36
Event: 23,962 Thread 0x00007fcc7400b000 Uncommon trap: reason=unstable_if action=reinterpret pc=0x00007fcc64e72b5c method=java.io.ObjectInputStream$PeekInputStream.read()I @ 4
Event: 23,962 Thread 0x00007fcc7400b000 Uncommon trap: reason=unstable_if action=reinterpret pc=0x00007fcc64e36674 method=java.io.ObjectInputStream$BlockDataInputStream.readUTFSpan(Ljava/lang/StringBuilder;J)J @ 35

Internal exceptions (10 events):
Event: 6,201 Thread 0x00007fcc7400b000 Exception <a 'java/lang/ArrayIndexOutOfBoundsException'> (0x00000000ecebbaa8) thrown at [/builddir/build/BUILD/java-1.8.0-openjdk-1.8.0.91-1.b14.el7_2.x86_64/openjdk/hotspot/src/share/vm/runtime/sharedRuntime.cpp, line 613]
Event: 6,201 Thread 0x00007fcc7400b000 Exception <a 'java/lang/ArrayIndexOutOfBoundsException'> (0x00000000ecec0590) thrown at [/builddir/build/BUILD/java-1.8.0-openjdk-1.8.0.91-1.b14.el7_2.x86_64/openjdk/hotspot/src/share/vm/runtime/sharedRuntime.cpp, line 613]
Event: 6,202 Thread 0x00007fcc7400b000 Exception <a 'java/lang/ArrayIndexOutOfBoundsException'> (0x00000000ececa478) thrown at [/builddir/build/BUILD/java-1.8.0-openjdk-1.8.0.91-1.b14.el7_2.x86_64/openjdk/hotspot/src/share/vm/runtime/sharedRuntime.cpp, line 613]
Event: 6,202 Thread 0x00007fcc7400b000 Exception <a 'java/lang/ArrayIndexOutOfBoundsException'> (0x00000000ececf680) thrown at [/builddir/build/BUILD/java-1.8.0-openjdk-1.8.0.91-1.b14.el7_2.x86_64/openjdk/hotspot/src/share/vm/runtime/sharedRuntime.cpp, line 613]
Event: 7,674 Thread 0x00007fcc7400b000 Exception <a 'java/lang/NoSuchFieldError': method resolution failed> (0x00000000edef2730) thrown at [/builddir/build/BUILD/java-1.8.0-openjdk-1.8.0.91-1.b14.el7_2.x86_64/openjdk/hotspot/src/share/vm/prims/methodHandles.cpp, line 1146]
Event: 7,675 Thread 0x00007fcc7400b000 Exception <a 'java/lang/NoSuchFieldError': method resolution failed> (0x00000000edeffdf0) thrown at [/builddir/build/BUILD/java-1.8.0-openjdk-1.8.0.91-1.b14.el7_2.x86_64/openjdk/hotspot/src/share/vm/prims/methodHandles.cpp, line 1146]
Event: 15,006 Thread 0x00007fcc20001000 Exception <a 'java/lang/InterruptedException': sleep interrupted> (0x00000000eceb97c8) thrown at [/builddir/build/BUILD/java-1.8.0-openjdk-1.8.0.91-1.b14.el7_2.x86_64/openjdk/hotspot/src/share/vm/prims/jvm.cpp, line 3225]
Event: 15,426 Thread 0x00007fcc7463b000 Exception <a 'java/lang/InterruptedException': sleep interrupted> (0x00000000ecf064a8) thrown at [/builddir/build/BUILD/java-1.8.0-openjdk-1.8.0.91-1.b14.el7_2.x86_64/openjdk/hotspot/src/share/vm/prims/jvm.cpp, line 3225]
Event: 16,317 Thread 0x00007fcc7400b000 Implicit null exception at 0x00007fcc64c0cb35 to 0x00007fcc64c0cd2d
Event: 16,317 Thread 0x00007fcc7400b000 Implicit null exception at 0x00007fcc64bf852f to 0x00007fcc64bf8599

Events (10 events):
Event: 23,968 Thread 0x00007fcc7400b000 DEOPT UNPACKING pc=0x00007fcc649fc373 sp=0x00007fcc7aae2de8 mode 0
Event: 24,405 Executing VM operation: ParallelGCFailedAllocation
Event: 27,166 Executing VM operation: ParallelGCFailedAllocation done
Event: 27,834 Executing VM operation: ParallelGCFailedAllocation
Event: 28,360 Executing VM operation: ParallelGCFailedAllocation done
Event: 28,926 Executing VM operation: ParallelGCFailedAllocation
Event: 32,140 Executing VM operation: ParallelGCFailedAllocation done
Event: 32,802 Executing VM operation: ParallelGCFailedAllocation
Event: 33,421 Executing VM operation: ParallelGCFailedAllocation done
Event: 33,680 Executing VM operation: ParallelGCFailedAllocation


Dynamic libraries:
00400000-00401000 r-xp 00000000 fd:00 34819150                           /usr/lib/jvm/java-1.8.0-openjdk-1.8.0.91-1.b14.el7_2.x86_64/jre/bin/java
00600000-00601000 r--p 00000000 fd:00 34819150                           /usr/lib/jvm/java-1.8.0-openjdk-1.8.0.91-1.b14.el7_2.x86_64/jre/bin/java
00601000-00602000 rw-p 00001000 fd:00 34819150                           /usr/lib/jvm/java-1.8.0-openjdk-1.8.0.91-1.b14.el7_2.x86_64/jre/bin/java
02133000-021d8000 rw-p 00000000 00:00 0                                  [heap]
c6000000-e2080000 rw-p 00000000 00:00 0 
eb300000-ecb00000 ---p 00000000 00:00 0 
ecb00000-100000000 rw-p 00000000 00:00 0 
100000000-1002a0000 rw-p 00000000 00:00 0 
1002a0000-140000000 ---p 00000000 00:00 0 
7fcc20000000-7fcc2004c000 rw-p 00000000 00:00 0 
7fcc2004c000-7fcc24000000 ---p 00000000 00:00 0 
7fcc24000000-7fcc240a3000 rw-p 00000000 00:00 0 
7fcc240a3000-7fcc28000000 ---p 00000000 00:00 0 
7fcc28000000-7fcc28021000 rw-p 00000000 00:00 0 
7fcc28021000-7fcc2c000000 ---p 00000000 00:00 0 
7fcc2c000000-7fcc2c021000 rw-p 00000000 00:00 0 
7fcc2c021000-7fcc30000000 ---p 00000000 00:00 0 
7fcc30000000-7fcc30021000 rw-p 00000000 00:00 0 
7fcc30021000-7fcc34000000 ---p 00000000 00:00 0 
7fcc34000000-7fcc34021000 rw-p 00000000 00:00 0 
7fcc34021000-7fcc38000000 ---p 00000000 00:00 0 
7fcc38000000-7fcc388b2000 rw-p 00000000 00:00 0 
7fcc388b2000-7fcc3c000000 ---p 00000000 00:00 0 
7fcc3c000000-7fcc3c338000 rw-p 00000000 00:00 0 
7fcc3c338000-7fcc40000000 ---p 00000000 00:00 0 
7fcc40000000-7fcc40021000 rw-p 00000000 00:00 0 
7fcc40021000-7fcc44000000 ---p 00000000 00:00 0 
7fcc4433e000-7fcc443be000 rw-p 00000000 00:00 0 
7fcc443be000-7fcc4453e000 ---p 00000000 00:00 0 
7fcc4453e000-7fcc4473e000 rw-p 00000000 00:00 0 
7fcc4473e000-7fcc4493e000 rw-p 00000000 00:00 0 
7fcc449bf000-7fcc449c2000 ---p 00000000 00:00 0 
7fcc449c2000-7fcc44ac0000 rw-p 00000000 00:00 0 
7fcc44ac0000-7fcc44ac3000 ---p 00000000 00:00 0 
7fcc44ac3000-7fcc44dc1000 rw-p 00000000 00:00 0 
7fcc44dc1000-7fcc44dc4000 ---p 00000000 00:00 0 
7fcc44dc4000-7fcc44ec2000 rw-p 00000000 00:00 0 
7fcc44ec2000-7fcc44ec5000 ---p 00000000 00:00 0 
7fcc44ec5000-7fcc44fc3000 rw-p 00000000 00:00 0 
7fcc44fc3000-7fcc44fc6000 ---p 00000000 00:00 0 
7fcc44fc6000-7fcc450c4000 rw-p 00000000 00:00 0 
7fcc450c4000-7fcc450c7000 ---p 00000000 00:00 0 
7fcc450c7000-7fcc451c5000 rw-p 00000000 00:00 0 
7fcc451c5000-7fcc451c8000 ---p 00000000 00:00 0 
7fcc451c8000-7fcc452c6000 rw-p 00000000 00:00 0 
7fcc452c6000-7fcc452d8000 r-xp 00000000 fd:00 104560943                  /usr/lib/jvm/java-1.8.0-openjdk-1.8.0.91-1.b14.el7_2.x86_64/jre/lib/amd64/libnio.so
7fcc452d8000-7fcc454d7000 ---p 00012000 fd:00 104560943                  /usr/lib/jvm/java-1.8.0-openjdk-1.8.0.91-1.b14.el7_2.x86_64/jre/lib/amd64/libnio.so
7fcc454d7000-7fcc454d8000 r--p 00011000 fd:00 104560943                  /usr/lib/jvm/java-1.8.0-openjdk-1.8.0.91-1.b14.el7_2.x86_64/jre/lib/amd64/libnio.so
7fcc454d8000-7fcc454d9000 rw-p 00012000 fd:00 104560943                  /usr/lib/jvm/java-1.8.0-openjdk-1.8.0.91-1.b14.el7_2.x86_64/jre/lib/amd64/libnio.so
7fcc454d9000-7fcc454dc000 ---p 00000000 00:00 0 
7fcc454dc000-7fcc455da000 rw-p 00000000 00:00 0 
7fcc455da000-7fcc455dd000 ---p 00000000 00:00 0 
7fcc455dd000-7fcc458db000 rw-p 00000000 00:00 0 
7fcc458db000-7fcc45adb000 rw-p 00000000 00:00 0 
7fcc45adb000-7fcc4c000000 r--p 00000000 fd:00 71760930                   /usr/lib/locale/locale-archive
7fcc4c000000-7fcc4c021000 rw-p 00000000 00:00 0 
7fcc4c021000-7fcc50000000 ---p 00000000 00:00 0 
7fcc50000000-7fcc50021000 rw-p 00000000 00:00 0 
7fcc50021000-7fcc54000000 ---p 00000000 00:00 0 
7fcc54000000-7fcc542cf000 rw-p 00000000 00:00 0 
7fcc542cf000-7fcc58000000 ---p 00000000 00:00 0 
7fcc58000000-7fcc58021000 rw-p 00000000 00:00 0 
7fcc58021000-7fcc5c000000 ---p 00000000 00:00 0 
7fcc5c000000-7fcc5c6a5000 rw-p 00000000 00:00 0 
7fcc5c6a5000-7fcc60000000 ---p 00000000 00:00 0 
7fcc60069000-7fcc6006a000 rw-p 00000000 00:00 0 
7fcc6006a000-7fcc60071000 r--s 00000000 fd:00 100763707                  /usr/lib64/gconv/gconv-modules.cache
7fcc60071000-7fcc60097000 r--p 00000000 fd:00 37040787                   /usr/share/locale/de/LC_MESSAGES/libc.mo
7fcc60097000-7fcc600a0000 r-xp 00000000 fd:00 104560940                  /usr/lib/jvm/java-1.8.0-openjdk-1.8.0.91-1.b14.el7_2.x86_64/jre/lib/amd64/libmanagement.so
7fcc600a0000-7fcc6029f000 ---p 00009000 fd:00 104560940                  /usr/lib/jvm/java-1.8.0-openjdk-1.8.0.91-1.b14.el7_2.x86_64/jre/lib/amd64/libmanagement.so
7fcc6029f000-7fcc602a0000 r--p 00008000 fd:00 104560940                  /usr/lib/jvm/java-1.8.0-openjdk-1.8.0.91-1.b14.el7_2.x86_64/jre/lib/amd64/libmanagement.so
7fcc602a0000-7fcc602a1000 rw-p 00009000 fd:00 104560940                  /usr/lib/jvm/java-1.8.0-openjdk-1.8.0.91-1.b14.el7_2.x86_64/jre/lib/amd64/libmanagement.so
7fcc602a1000-7fcc602a5000 r--s 000b0000 fd:00 67689401                   /usr/lib/jvm/java-1.8.0-openjdk-1.8.0.91-1.b14.el7_2.x86_64/jre/lib/jsse.jar
7fcc602a5000-7fcc602d6000 rw-p 00000000 00:00 0 
7fcc602d6000-7fcc602ed000 r-xp 00000000 fd:00 104560942                  /usr/lib/jvm/java-1.8.0-openjdk-1.8.0.91-1.b14.el7_2.x86_64/jre/lib/amd64/libnet.so
7fcc602ed000-7fcc604ec000 ---p 00017000 fd:00 104560942                  /usr/lib/jvm/java-1.8.0-openjdk-1.8.0.91-1.b14.el7_2.x86_64/jre/lib/amd64/libnet.so
7fcc604ec000-7fcc604ed000 r--p 00016000 fd:00 104560942                  /usr/lib/jvm/java-1.8.0-openjdk-1.8.0.91-1.b14.el7_2.x86_64/jre/lib/amd64/libnet.so
7fcc604ed000-7fcc604ee000 rw-p 00017000 fd:00 104560942                  /usr/lib/jvm/java-1.8.0-openjdk-1.8.0.91-1.b14.el7_2.x86_64/jre/lib/amd64/libnet.so
7fcc604ee000-7fcc604f0000 r--s 0000d000 fd:00 9488544                    /root/.m2/repository/commons-logging/commons-logging/1.1.1/commons-logging-1.1.1.jar
7fcc604f0000-7fcc604f4000 r--s 00020000 fd:00 8741196                    /root/.m2/repository/commons-digester/commons-digester/1.8/commons-digester-1.8.jar
7fcc604f4000-7fcc604f9000 r--s 00034000 fd:00 39422016                   /root/.m2/repository/commons-beanutils/commons-beanutils/1.8.3/commons-beanutils-1.8.3.jar
7fcc604f9000-7fcc604fd000 r--s 00028000 fd:00 39422014                   /root/.m2/repository/commons-validator/commons-validator/1.4.0/commons-validator-1.4.0.jar
7fcc604fd000-7fcc604ff000 r--s 0000b000 fd:00 104589165                  /root/.m2/repository/org/json/json/20160212/json-20160212.jar
7fcc604ff000-7fcc60500000 r--s 00002000 fd:00 73944793                   /root/.m2/repository/org/slf4j/slf4j-simple/1.7.21/slf4j-simple-1.7.21.jar
7fcc60500000-7fcc60501000 r--s 00009000 fd:00 43785173                   /root/.m2/repository/org/annolab/tt4j/org.annolab.tt4j/1.2.1/org.annolab.tt4j-1.2.1.jar
7fcc60501000-7fcc60504000 r--s 16897000 fd:00 116676359                  /root/.m2/repository/edu/stanford/nlp/stanford-corenlp/3.6.0/stanford-corenlp-3.6.0-models.jar
7fcc60504000-7fcc60506000 r--s 0cd53000 fd:00 116676352                  /root/.m2/repository/edu/stanford/nlp/stanford-corenlp/3.6.0/stanford-corenlp-3.6.0-models-german.jar
7fcc60506000-7fcc60507000 r--s 00004000 fd:00 43800370                   /root/.m2/repository/javax/json/javax.json-api/1.0/javax.json-api-1.0.jar
7fcc60507000-7fcc6050c000 r--s 00045000 fd:00 107630021                  /root/.m2/repository/com/googlecode/efficient-java-matrix-library/ejml/0.23/ejml-0.23.jar
7fcc6050c000-7fcc60510000 r--s 00015000 fd:00 107630019                  /root/.m2/repository/javax/xml/bind/jaxb-api/2.2.7/jaxb-api-2.2.7.jar
7fcc60510000-7fcc60515000 r--s 0002d000 fd:00 3274171                    /root/.m2/repository/de/jollyday/jollyday/0.4.7/jollyday-0.4.7.jar
7fcc60515000-7fcc60525000 r--s 00089000 fd:00 43800368                   /root/.m2/repository/joda-time/joda-time/2.9/joda-time-2.9.jar
7fcc60525000-7fcc60543000 r--s 0027d000 fd:00 3274169                    /root/.m2/repository/xalan/xalan/2.7.0/xalan-2.7.0.jar
7fcc60543000-7fcc6055a000 r--s 00110000 fd:00 43800366                   /root/.m2/repository/xerces/xercesImpl/2.8.0/xercesImpl-2.8.0.jar
7fcc6055a000-7fcc60562000 r--s 00028000 fd:00 43800364                   /root/.m2/repository/xml-apis/xml-apis/1.3.03/xml-apis-1.3.03.jar
7fcc60562000-7fcc60569000 r--s 00046000 fd:00 107630017                  /root/.m2/repository/com/io7m/xom/xom/1.2.10/xom-1.2.10.jar
7fcc60569000-7fcc605b7000 r--s 006a2000 fd:00 107587126                  /root/.m2/repository/edu/stanford/nlp/stanford-corenlp/3.6.0/stanford-corenlp-3.6.0.jar
7fcc605b7000-7fcc605cb000 r--s 000f6000 fd:00 39382710                   /root/.m2/repository/org/apache/opennlp/opennlp-tools/1.6.0/opennlp-tools-1.6.0.jar
7fcc605cb000-7fcc605cd000 r--s 00007000 fd:00 107392316                  /root/.m2/repository/org/slf4j/slf4j-api/1.7.13/slf4j-api-1.7.13.jar
7fcc605cd000-7fcc605d1000 r--s 00028000 fd:00 107392314                  /root/.m2/repository/org/apache/httpcomponents/httpasyncclient/4.1.1/httpasyncclient-4.1.1.jar
7fcc605d1000-7fcc605d8000 r--s 0003a000 fd:00 10609457                   /root/.m2/repository/commons-codec/commons-codec/1.9/commons-codec-1.9.jar
7fcc605d8000-7fcc605e5000 r--s 000a6000 fd:00 10609417                   /root/.m2/repository/org/apache/httpcomponents/httpclient/4.5.1/httpclient-4.5.1.jar
7fcc605e5000-7fcc605ec000 r--s 00049000 fd:00 107392269                  /root/.m2/repository/org/apache/httpcomponents/httpcore/4.4.4/httpcore-4.4.4.jar
7fcc605ec000-7fcc605f3000 r--s 00050000 fd:00 9492517                    /root/.m2/repository/org/apache/httpcomponents/httpcore-nio/4.4.4/httpcore-nio-4.4.4.jar
7fcc605f3000-7fcc605fa000 r--s 00064000 fd:00 107355732                  /root/.m2/repository/org/apache/commons/commons-lang3/3.4/commons-lang3-3.4.jar
7fcc605fa000-7fcc605ff000 r--s 0002f000 fd:00 116672607                  /root/.m2/repository/com/google/code/gson/gson/2.4/gson-2.4.jar
7fcc605ff000-7fcc6062a000 r--s 001fc000 fd:00 45696989                   /root/.m2/repository/com/google/guava/guava/18.0/guava-18.0.jar
7fcc6062a000-7fcc60630000 r--s 0002f000 fd:00 116672605                  /root/.m2/repository/io/searchbox/jest-common/2.0.0/jest-common-2.0.0.jar
7fcc60630000-7fcc60632000 r--s 00008000 fd:00 107392267                  /root/.m2/repository/org/ow2/asm/asm-commons/4.1/asm-commons-4.1.jar
7fcc60632000-7fcc60635000 r--s 00026000 fd:00 107392265                  /root/.m2/repository/org/antlr/antlr-runtime/3.5/antlr-runtime-3.5.jar
7fcc60635000-7fcc60637000 r--s 00017000 fd:00 4589413                    /root/.m2/repository/com/spatial4j/spatial4j/0.4.1/spatial4j-0.4.1.jar
7fcc60637000-7fcc6063a000 r--s 0001c000 fd:00 39381784                   /root/.m2/repository/org/apache/lucene/lucene-spatial/4.10.3/lucene-spatial-4.10.3.jar
7fcc6063a000-7fcc6063d000 r--s 00018000 fd:00 107392263                  /root/.m2/repository/org/apache/lucene/lucene-grouping/4.10.3/lucene-grouping-4.10.3.jar
7fcc6063d000-7fcc6063f000 r--s 0000e000 fd:00 39381782                   /root/.m2/repository/org/apache/lucene/lucene-join/4.10.3/lucene-join-4.10.3.jar
7fcc6063f000-7fcc60642000 r--s 00029000 fd:00 39381780                   /root/.m2/repository/org/apache/lucene/lucene-suggest/4.10.3/lucene-suggest-4.10.3.jar
7fcc60642000-7fcc60645000 r--s 0001b000 fd:00 107392259                  /root/.m2/repository/org/apache/lucene/lucene-sandbox/4.10.3/lucene-sandbox-4.10.3.jar
7fcc60645000-7fcc6064e000 r--s 00057000 fd:00 39381778                   /root/.m2/repository/org/apache/lucene/lucene-queryparser/4.10.3/lucene-queryparser-4.10.3.jar
7fcc6064e000-7fcc60654000 r--s 0002f000 fd:00 112573247                  /root/.m2/repository/org/apache/lucene/lucene-queries/4.10.3/lucene-queries-4.10.3.jar
7fcc60654000-7fcc60665000 r--s 0018f000 fd:00 39381774                   /root/.m2/repository/org/apache/lucene/lucene-analyzers-common/4.10.3/lucene-analyzers-common-4.10.3.jar
7fcc60665000-7fcc6068f000 r--s 00248000 fd:00 112573245                  /root/.m2/repository/org/apache/lucene/lucene-core/4.10.3/lucene-core-4.10.3.jar
7fcc6068f000-7fcc6069a000 r--s 0011c000 fd:00 34819166                   /usr/lib/jvm/java-1.8.0-openjdk-1.8.0.91-1.b14.el7_2.x86_64/jre/lib/ext/localedata.jar
7fcc6069a000-7fcc606b6000 r--s 003b6000 fd:00 34819163                   /usr/lib/jvm/java-1.8.0-openjdk-1.8.0.91-1.b14.el7_2.x86_64/jre/lib/ext/cldrdata.jar
7fcc606b6000-7fcc606dd000 rw-p 00000000 00:00 0 
7fcc606dd000-7fcc607e9000 r--s 00bdc000 fd:00 39381772                   /root/.m2/repository/org/elasticsearch/elasticsearch/1.4.4/elasticsearch-1.4.4.jar
7fcc607e9000-7fcc607fd000 r--s 000d8000 fd:00 80850682                   /root/.m2/repository/org/mongodb/mongodb-driver-core/3.3.0/mongodb-driver-core-3.3.0.jar
7fcc607fd000-7fcc607fe000 ---p 00000000 00:00 0 
7fcc607fe000-7fcc608fe000 rw-p 00000000 00:00 0                          [stack:25301]
7fcc608fe000-7fcc60901000 ---p 00000000 00:00 0 
7fcc60901000-7fcc609ff000 rw-p 00000000 00:00 0                          [stack:25300]
7fcc609ff000-7fcc60a02000 ---p 00000000 00:00 0 
7fcc60a02000-7fcc60b00000 rw-p 00000000 00:00 0                          [stack:25299]
7fcc60b00000-7fcc60b03000 ---p 00000000 00:00 0 
7fcc60b03000-7fcc60c01000 rw-p 00000000 00:00 0                          [stack:25298]
7fcc60c01000-7fcc60c04000 ---p 00000000 00:00 0 
7fcc60c04000-7fcc60d02000 rw-p 00000000 00:00 0                          [stack:25297]
7fcc60d02000-7fcc60d05000 ---p 00000000 00:00 0 
7fcc60d05000-7fcc60e03000 rw-p 00000000 00:00 0                          [stack:25296]
7fcc60e03000-7fcc60e06000 ---p 00000000 00:00 0 
7fcc60e06000-7fcc60f04000 rw-p 00000000 00:00 0                          [stack:25295]
7fcc60f04000-7fcc60f05000 ---p 00000000 00:00 0 
7fcc60f05000-7fcc6190e000 rw-p 00000000 00:00 0                          [stack:25294]
7fcc6190e000-7fcc61adc000 r--s 043be000 fd:00 67689410                   /usr/lib/jvm/java-1.8.0-openjdk-1.8.0.91-1.b14.el7_2.x86_64/jre/lib/rt.jar
7fcc61adc000-7fcc64222000 rw-p 00000000 00:00 0 
7fcc64222000-7fcc64223000 ---p 00000000 00:00 0 
7fcc64223000-7fcc64323000 rw-p 00000000 00:00 0                          [stack:25293]
7fcc64323000-7fcc64324000 ---p 00000000 00:00 0 
7fcc64324000-7fcc64505000 rw-p 00000000 00:00 0                          [stack:25292]
7fcc64505000-7fcc64559000 ---p 00000000 00:00 0 
7fcc64559000-7fcc645f4000 rw-p 00000000 00:00 0 
7fcc645f4000-7fcc6460b000 rw-p 00000000 00:00 0 
7fcc6460b000-7fcc649b5000 ---p 00000000 00:00 0 
7fcc649b5000-7fcc64f35000 rwxp 00000000 00:00 0 
7fcc64f35000-7fcc739b5000 ---p 00000000 00:00 0 
7fcc739b5000-7fcc739bd000 r-xp 00000000 fd:00 104560949                  /usr/lib/jvm/java-1.8.0-openjdk-1.8.0.91-1.b14.el7_2.x86_64/jre/lib/amd64/libzip.so
7fcc739bd000-7fcc73bbc000 ---p 00008000 fd:00 104560949                  /usr/lib/jvm/java-1.8.0-openjdk-1.8.0.91-1.b14.el7_2.x86_64/jre/lib/amd64/libzip.so
7fcc73bbc000-7fcc73bbd000 r--p 00007000 fd:00 104560949                  /usr/lib/jvm/java-1.8.0-openjdk-1.8.0.91-1.b14.el7_2.x86_64/jre/lib/amd64/libzip.so
7fcc73bbd000-7fcc73bbe000 rw-p 00008000 fd:00 104560949                  /usr/lib/jvm/java-1.8.0-openjdk-1.8.0.91-1.b14.el7_2.x86_64/jre/lib/amd64/libzip.so
7fcc73bbe000-7fcc73bca000 r-xp 00000000 fd:00 67596898                   /usr/lib64/libnss_files-2.17.so
7fcc73bca000-7fcc73dc9000 ---p 0000c000 fd:00 67596898                   /usr/lib64/libnss_files-2.17.so
7fcc73dc9000-7fcc73dca000 r--p 0000b000 fd:00 67596898                   /usr/lib64/libnss_files-2.17.so
7fcc73dca000-7fcc73dcb000 rw-p 0000c000 fd:00 67596898                   /usr/lib64/libnss_files-2.17.so
7fcc73dcb000-7fcc73dd1000 rw-p 00000000 00:00 0 
7fcc73dd1000-7fcc73dfe000 r-xp 00000000 fd:00 104560932                  /usr/lib/jvm/java-1.8.0-openjdk-1.8.0.91-1.b14.el7_2.x86_64/jre/lib/amd64/libjava.so
7fcc73dfe000-7fcc73ffd000 ---p 0002d000 fd:00 104560932                  /usr/lib/jvm/java-1.8.0-openjdk-1.8.0.91-1.b14.el7_2.x86_64/jre/lib/amd64/libjava.so
7fcc73ffd000-7fcc73ffe000 r--p 0002c000 fd:00 104560932                  /usr/lib/jvm/java-1.8.0-openjdk-1.8.0.91-1.b14.el7_2.x86_64/jre/lib/amd64/libjava.so
7fcc73ffe000-7fcc74000000 rw-p 0002d000 fd:00 104560932                  /usr/lib/jvm/java-1.8.0-openjdk-1.8.0.91-1.b14.el7_2.x86_64/jre/lib/amd64/libjava.so
7fcc74000000-7fcc748e4000 rw-p 00000000 00:00 0 
7fcc748e4000-7fcc78000000 ---p 00000000 00:00 0 
7fcc78000000-7fcc78002000 r--s 00016000 fd:00 107392261                  /root/.m2/repository/org/apache/lucene/lucene-misc/4.10.3/lucene-misc-4.10.3.jar
7fcc78002000-7fcc78007000 r--s 00035000 fd:00 3240164                    /root/.m2/repository/org/mongodb/bson/3.3.0/bson-3.3.0.jar
7fcc78007000-7fcc7814b000 rw-p 00000000 00:00 0 
7fcc7814b000-7fcc781a0000 ---p 00000000 00:00 0 
7fcc781a0000-7fcc781ad000 r-xp 00000000 fd:00 104560948                  /usr/lib/jvm/java-1.8.0-openjdk-1.8.0.91-1.b14.el7_2.x86_64/jre/lib/amd64/libverify.so
7fcc781ad000-7fcc783ac000 ---p 0000d000 fd:00 104560948                  /usr/lib/jvm/java-1.8.0-openjdk-1.8.0.91-1.b14.el7_2.x86_64/jre/lib/amd64/libverify.so
7fcc783ac000-7fcc783ae000 r--p 0000c000 fd:00 104560948                  /usr/lib/jvm/java-1.8.0-openjdk-1.8.0.91-1.b14.el7_2.x86_64/jre/lib/amd64/libverify.so
7fcc783ae000-7fcc783af000 rw-p 0000e000 fd:00 104560948                  /usr/lib/jvm/java-1.8.0-openjdk-1.8.0.91-1.b14.el7_2.x86_64/jre/lib/amd64/libverify.so
7fcc783af000-7fcc783b6000 r-xp 00000000 fd:00 71760908                   /usr/lib64/librt-2.17.so
7fcc783b6000-7fcc785b5000 ---p 00007000 fd:00 71760908                   /usr/lib64/librt-2.17.so
7fcc785b5000-7fcc785b6000 r--p 00006000 fd:00 71760908                   /usr/lib64/librt-2.17.so
7fcc785b6000-7fcc785b7000 rw-p 00007000 fd:00 71760908                   /usr/lib64/librt-2.17.so
7fcc785b7000-7fcc785cc000 r-xp 00000000 fd:00 67149961                   /usr/lib64/libgcc_s-4.8.5-20150702.so.1
7fcc785cc000-7fcc787cb000 ---p 00015000 fd:00 67149961                   /usr/lib64/libgcc_s-4.8.5-20150702.so.1
7fcc787cb000-7fcc787cc000 r--p 00014000 fd:00 67149961                   /usr/lib64/libgcc_s-4.8.5-20150702.so.1
7fcc787cc000-7fcc787cd000 rw-p 00015000 fd:00 67149961                   /usr/lib64/libgcc_s-4.8.5-20150702.so.1
7fcc787cd000-7fcc788ce000 r-xp 00000000 fd:00 67596883                   /usr/lib64/libm-2.17.so
7fcc788ce000-7fcc78acd000 ---p 00101000 fd:00 67596883                   /usr/lib64/libm-2.17.so
7fcc78acd000-7fcc78ace000 r--p 00100000 fd:00 67596883                   /usr/lib64/libm-2.17.so
7fcc78ace000-7fcc78acf000 rw-p 00101000 fd:00 67596883                   /usr/lib64/libm-2.17.so
7fcc78acf000-7fcc78bb8000 r-xp 00000000 fd:00 67596934                   /usr/lib64/libstdc++.so.6.0.19
7fcc78bb8000-7fcc78db8000 ---p 000e9000 fd:00 67596934                   /usr/lib64/libstdc++.so.6.0.19
7fcc78db8000-7fcc78dc0000 r--p 000e9000 fd:00 67596934                   /usr/lib64/libstdc++.so.6.0.19
7fcc78dc0000-7fcc78dc2000 rw-p 000f1000 fd:00 67596934                   /usr/lib64/libstdc++.so.6.0.19
7fcc78dc2000-7fcc78dd7000 rw-p 00000000 00:00 0 
7fcc78dd7000-7fcc799dd000 r-xp 00000000 fd:00 67689390                   /usr/lib/jvm/java-1.8.0-openjdk-1.8.0.91-1.b14.el7_2.x86_64/jre/lib/amd64/server/libjvm.so
7fcc799dd000-7fcc79bdc000 ---p 00c06000 fd:00 67689390                   /usr/lib/jvm/java-1.8.0-openjdk-1.8.0.91-1.b14.el7_2.x86_64/jre/lib/amd64/server/libjvm.so
7fcc79bdc000-7fcc79c7b000 r--p 00c05000 fd:00 67689390                   /usr/lib/jvm/java-1.8.0-openjdk-1.8.0.91-1.b14.el7_2.x86_64/jre/lib/amd64/server/libjvm.so
7fcc79c7b000-7fcc79ca4000 rw-p 00ca4000 fd:00 67689390                   /usr/lib/jvm/java-1.8.0-openjdk-1.8.0.91-1.b14.el7_2.x86_64/jre/lib/amd64/server/libjvm.so
7fcc79ca4000-7fcc79cd6000 rw-p 00000000 00:00 0 
7fcc79cd6000-7fcc79e8d000 r-xp 00000000 fd:00 71760904                   /usr/lib64/libc-2.17.so
7fcc79e8d000-7fcc7a08d000 ---p 001b7000 fd:00 71760904                   /usr/lib64/libc-2.17.so
7fcc7a08d000-7fcc7a091000 r--p 001b7000 fd:00 71760904                   /usr/lib64/libc-2.17.so
7fcc7a091000-7fcc7a093000 rw-p 001bb000 fd:00 71760904                   /usr/lib64/libc-2.17.so
7fcc7a093000-7fcc7a098000 rw-p 00000000 00:00 0 
7fcc7a098000-7fcc7a09b000 r-xp 00000000 fd:00 67596881                   /usr/lib64/libdl-2.17.so
7fcc7a09b000-7fcc7a29a000 ---p 00003000 fd:00 67596881                   /usr/lib64/libdl-2.17.so
7fcc7a29a000-7fcc7a29b000 r--p 00002000 fd:00 67596881                   /usr/lib64/libdl-2.17.so
7fcc7a29b000-7fcc7a29c000 rw-p 00003000 fd:00 67596881                   /usr/lib64/libdl-2.17.so
7fcc7a29c000-7fcc7a2aa000 r-xp 00000000 fd:00 34819161                   /usr/lib/jvm/java-1.8.0-openjdk-1.8.0.91-1.b14.el7_2.x86_64/jre/lib/amd64/jli/libjli.so
7fcc7a2aa000-7fcc7a4a9000 ---p 0000e000 fd:00 34819161                   /usr/lib/jvm/java-1.8.0-openjdk-1.8.0.91-1.b14.el7_2.x86_64/jre/lib/amd64/jli/libjli.so
7fcc7a4a9000-7fcc7a4aa000 r--p 0000d000 fd:00 34819161                   /usr/lib/jvm/java-1.8.0-openjdk-1.8.0.91-1.b14.el7_2.x86_64/jre/lib/amd64/jli/libjli.so
7fcc7a4aa000-7fcc7a4ab000 rw-p 0000e000 fd:00 34819161                   /usr/lib/jvm/java-1.8.0-openjdk-1.8.0.91-1.b14.el7_2.x86_64/jre/lib/amd64/jli/libjli.so
7fcc7a4ab000-7fcc7a4c0000 r-xp 00000000 fd:00 67182387                   /usr/lib64/libz.so.1.2.7
7fcc7a4c0000-7fcc7a6bf000 ---p 00015000 fd:00 67182387                   /usr/lib64/libz.so.1.2.7
7fcc7a6bf000-7fcc7a6c0000 r--p 00014000 fd:00 67182387                   /usr/lib64/libz.so.1.2.7
7fcc7a6c0000-7fcc7a6c1000 rw-p 00015000 fd:00 67182387                   /usr/lib64/libz.so.1.2.7
7fcc7a6c1000-7fcc7a6d7000 r-xp 00000000 fd:00 67596908                   /usr/lib64/libpthread-2.17.so
7fcc7a6d7000-7fcc7a8d7000 ---p 00016000 fd:00 67596908                   /usr/lib64/libpthread-2.17.so
7fcc7a8d7000-7fcc7a8d8000 r--p 00016000 fd:00 67596908                   /usr/lib64/libpthread-2.17.so
7fcc7a8d8000-7fcc7a8d9000 rw-p 00017000 fd:00 67596908                   /usr/lib64/libpthread-2.17.so
7fcc7a8d9000-7fcc7a8dd000 rw-p 00000000 00:00 0 
7fcc7a8dd000-7fcc7a8fe000 r-xp 00000000 fd:00 71760900                   /usr/lib64/ld-2.17.so
7fcc7a8fe000-7fcc7a8ff000 r--s 00004000 fd:00 45696987                   /root/.m2/repository/io/searchbox/jest/2.0.0/jest-2.0.0.jar
7fcc7a8ff000-7fcc7a902000 r--s 0001f000 fd:00 107392257                  /root/.m2/repository/org/apache/lucene/lucene-highlighter/4.10.3/lucene-highlighter-4.10.3.jar
7fcc7a902000-7fcc7a9e5000 rw-p 00000000 00:00 0 
7fcc7a9e5000-7fcc7a9e8000 ---p 00000000 00:00 0 
7fcc7a9e8000-7fcc7aaeb000 rw-p 00000000 00:00 0                          [stack:25291]
7fcc7aaeb000-7fcc7aaec000 r--s 0000b000 fd:00 39381786                   /root/.m2/repository/org/ow2/asm/asm/4.1/asm-4.1.jar
7fcc7aaec000-7fcc7aaed000 r--s 00008000 fd:00 39381776                   /root/.m2/repository/org/apache/lucene/lucene-memory/4.10.3/lucene-memory-4.10.3.jar
7fcc7aaed000-7fcc7aaf3000 r--s 0004f000 fd:00 80850680                   /root/.m2/repository/org/mongodb/mongodb-driver/3.3.0/mongodb-driver-3.3.0.jar
7fcc7aaf3000-7fcc7aafb000 rw-s 00000000 fd:00 101306385                  /tmp/hsperfdata_root/25285
7fcc7aafb000-7fcc7aafc000 rw-p 00000000 00:00 0 
7fcc7aafc000-7fcc7aafd000 ---p 00000000 00:00 0 
7fcc7aafd000-7fcc7aafe000 rw-p 00000000 00:00 0 
7fcc7aafe000-7fcc7aaff000 r--p 00021000 fd:00 71760900                   /usr/lib64/ld-2.17.so
7fcc7aaff000-7fcc7ab00000 rw-p 00022000 fd:00 71760900                   /usr/lib64/ld-2.17.so
7fcc7ab00000-7fcc7ab01000 rw-p 00000000 00:00 0 
7ffe16b5e000-7ffe16b80000 rw-p 00000000 00:00 0                          [stack]
7ffe16bde000-7ffe16be0000 r-xp 00000000 00:00 0                          [vdso]
ffffffffff600000-ffffffffff601000 r-xp 00000000 00:00 0                  [vsyscall]

VM Arguments:
jvm_args: -Dfile.encoding=UTF-8 
java_command: elastic.dataflow.src.ElasticConnect
java_class_path (initial): /root/git/EntitiyExtraktion/EntitiyExtraktion/target/classes:/root/.m2/repository/org/mongodb/mongodb-driver/3.3.0/mongodb-driver-3.3.0.jar:/root/.m2/repository/org/mongodb/mongodb-driver-core/3.3.0/mongodb-driver-core-3.3.0.jar:/root/.m2/repository/org/mongodb/bson/3.3.0/bson-3.3.0.jar:/root/.m2/repository/org/elasticsearch/elasticsearch/1.4.4/elasticsearch-1.4.4.jar:/root/.m2/repository/org/apache/lucene/lucene-core/4.10.3/lucene-core-4.10.3.jar:/root/.m2/repository/org/apache/lucene/lucene-analyzers-common/4.10.3/lucene-analyzers-common-4.10.3.jar:/root/.m2/repository/org/apache/lucene/lucene-queries/4.10.3/lucene-queries-4.10.3.jar:/root/.m2/repository/org/apache/lucene/lucene-memory/4.10.3/lucene-memory-4.10.3.jar:/root/.m2/repository/org/apache/lucene/lucene-highlighter/4.10.3/lucene-highlighter-4.10.3.jar:/root/.m2/repository/org/apache/lucene/lucene-queryparser/4.10.3/lucene-queryparser-4.10.3.jar:/root/.m2/repository/org/apache/lucene/lucene-sandbox/4.10.3/lucene-sandbox-4.10.3.jar:/root/.m2/repository/org/apache/lucene/lucene-suggest/4.10.3/lucene-suggest-4.10.3.jar:/root/.m2/repository/org/apache/lucene/lucene-misc/4.10.3/lucene-misc-4.10.3.jar:/root/.m2/repository/org/apache/lucene/lucene-join/4.10.3/lucene-join-4.10.3.jar:/root/.m2/repository/org/apache/lucene/lucene-grouping/4.10.3/lucene-grouping-4.10.3.jar:/root/.m2/repository/org/apache/lucene/lucene-spatial/4.10.3/lucene-spatial-4.10.3.jar:/root/.m2/repository/com/spatial4j/spatial4j/0.4.1/spatial4j-0.4.1.jar:/root/.m2/repository/org/antlr/antlr-runtime/3.5/antlr-runtime-3.5.jar:/root/.m2/repository/org/ow2/asm/asm/4.1/asm-4.1.jar:/root/.m2/repository/org/ow2/asm/asm-commons/4.1/asm-commons-4.1.jar:/root/.m2/repository/io/searchbox/jest/2.0.0/jest-2.0.0.jar:/root/.m2/repository/io/searchbox/jest-common/2.0.0/jest-common-2.0.0.jar:/root/.m2/repository/com/google/guava/guava/18.0/guava-18.0.jar:/root/.m2/repository/com/google/code/gson/gson/2.4/gson-2.4.jar:/root/.m2/repo
Launcher Type: SUN_STANDARD

Environment Variables:
PATH=/usr/local/bin:/usr/local/sbin:/usr/bin:/usr/sbin:/bin:/sbin:/root/bin
USERNAME=root
SHELL=/bin/bash
DISPLAY=:0.0

Signal Handlers:
SIGSEGV: [libjvm.so+0xa0b060], sa_mask[0]=11111111011111111101111111111110, sa_flags=SA_RESTART|SA_SIGINFO
SIGBUS: [libjvm.so+0xa0b060], sa_mask[0]=11111111011111111101111111111110, sa_flags=SA_RESTART|SA_SIGINFO
SIGFPE: [libjvm.so+0x868dc0], sa_mask[0]=11111111011111111101111111111110, sa_flags=SA_RESTART|SA_SIGINFO
SIGPIPE: [libjvm.so+0x868dc0], sa_mask[0]=11111111011111111101111111111110, sa_flags=SA_RESTART|SA_SIGINFO
SIGXFSZ: [libjvm.so+0x868dc0], sa_mask[0]=11111111011111111101111111111110, sa_flags=SA_RESTART|SA_SIGINFO
SIGILL: [libjvm.so+0x868dc0], sa_mask[0]=11111111011111111101111111111110, sa_flags=SA_RESTART|SA_SIGINFO
SIGUSR1: SIG_DFL, sa_mask[0]=00000000000000000000000000000000, sa_flags=none
SIGUSR2: [libjvm.so+0x868c70], sa_mask[0]=00100000000000000000000000000000, sa_flags=SA_RESTART|SA_SIGINFO
SIGHUP: [libjvm.so+0x868e80], sa_mask[0]=11111111011111111101111111111110, sa_flags=SA_RESTART|SA_SIGINFO
SIGINT: [libjvm.so+0x868e80], sa_mask[0]=11111111011111111101111111111110, sa_flags=SA_RESTART|SA_SIGINFO
SIGTERM: [libjvm.so+0x868e80], sa_mask[0]=11111111011111111101111111111110, sa_flags=SA_RESTART|SA_SIGINFO
SIGQUIT: [libjvm.so+0x868e80], sa_mask[0]=11111111011111111101111111111110, sa_flags=SA_RESTART|SA_SIGINFO


---------------  S Y S T E M  ---------------

OS:CentOS Linux release 7.2.1511 (Core) 

uname:Linux 3.10.0-327.el7.x86_64 #1 SMP Thu Nov 19 22:10:57 UTC 2015 x86_64
libc:glibc 2.17 NPTL 2.17 
rlimit: STACK 8192k, CORE 0k, NPROC 14737, NOFILE 4096, AS infinity
load average:5,79 4,58 3,53

/proc/meminfo:
MemTotal:        3793220 kB
MemFree:          117348 kB
MemAvailable:      74444 kB
Buffers:               0 kB
Cached:            33000 kB
SwapCached:        35832 kB
Active:          2510444 kB
Inactive:         918740 kB
Active(anon):    2494316 kB
Inactive(anon):   903232 kB
Active(file):      16128 kB
Inactive(file):    15508 kB
Unevictable:           0 kB
Mlocked:               0 kB
SwapTotal:       2097148 kB
SwapFree:           1904 kB
Dirty:                36 kB
Writeback:             0 kB
AnonPages:       3360824 kB
Mapped:             7884 kB
Shmem:              1236 kB
Slab:             120236 kB
SReclaimable:      51476 kB
SUnreclaim:        68760 kB
KernelStack:       15616 kB
PageTables:        37772 kB
NFS_Unstable:          0 kB
Bounce:                0 kB
WritebackTmp:          0 kB
CommitLimit:     3993756 kB
Committed_AS:    8005896 kB
VmallocTotal:   34359738367 kB
VmallocUsed:      178044 kB
VmallocChunk:   34359512896 kB
HardwareCorrupted:     0 kB
AnonHugePages:    120832 kB
HugePages_Total:       0
HugePages_Free:        0
HugePages_Rsvd:        0
HugePages_Surp:        0
Hugepagesize:       2048 kB
DirectMap4k:      106304 kB
DirectMap2M:     4014080 kB
DirectMap1G:           0 kB


CPU:total 2 (1 cores per cpu, 1 threads per core) family 6 model 61 stepping 4, cmov, cx8, fxsr, mmx, sse, sse2, sse3, ssse3, sse4.1, sse4.2, popcnt, avx, avx2, aes, clmul, erms, 3dnowpref, lzcnt, tsc, tscinvbit, bmi1, bmi2, adx

/proc/cpuinfo:
processor	: 0
vendor_id	: GenuineIntel
cpu family	: 6
model		: 61
model name	: Intel(R) Core(TM) i5-5257U CPU @ 2.70GHz
stepping	: 4
microcode	: 0x21
cpu MHz		: 2700.040
cache size	: 3072 KB
physical id	: 0
siblings	: 1
core id		: 0
cpu cores	: 1
apicid		: 0
initial apicid	: 0
fpu		: yes
fpu_exception	: yes
cpuid level	: 20
wp		: yes
flags		: fpu vme de pse tsc msr pae mce cx8 apic sep mtrr pge mca cmov pat pse36 clflush dts mmx fxsr sse sse2 ss syscall nx pdpe1gb rdtscp lm constant_tsc arch_perfmon pebs bts nopl xtopology tsc_reliable nonstop_tsc aperfmperf eagerfpu pni pclmulqdq ssse3 fma cx16 pcid sse4_1 sse4_2 x2apic movbe popcnt tsc_deadline_timer aes xsave avx f16c rdrand hypervisor lahf_lm abm 3dnowprefetch ida arat epb pln pts dtherm fsgsbase tsc_adjust bmi1 avx2 smep bmi2 invpcid rdseed adx smap xsaveopt
bogomips	: 5400.08
clflush size	: 64
cache_alignment	: 64
address sizes	: 42 bits physical, 48 bits virtual
power management:

processor	: 1
vendor_id	: GenuineIntel
cpu family	: 6
model		: 61
model name	: Intel(R) Core(TM) i5-5257U CPU @ 2.70GHz
stepping	: 4
microcode	: 0x21
cpu MHz		: 2700.040
cache size	: 3072 KB
physical id	: 2
siblings	: 1
core id		: 0
cpu cores	: 1
apicid		: 2
initial apicid	: 2
fpu		: yes
fpu_exception	: yes
cpuid level	: 20
wp		: yes
flags		: fpu vme de pse tsc msr pae mce cx8 apic sep mtrr pge mca cmov pat pse36 clflush dts mmx fxsr sse sse2 ss syscall nx pdpe1gb rdtscp lm constant_tsc arch_perfmon pebs bts nopl xtopology tsc_reliable nonstop_tsc aperfmperf eagerfpu pni pclmulqdq ssse3 fma cx16 pcid sse4_1 sse4_2 x2apic movbe popcnt tsc_deadline_timer aes xsave avx f16c rdrand hypervisor lahf_lm abm 3dnowprefetch ida arat epb pln pts dtherm fsgsbase tsc_adjust bmi1 avx2 smep bmi2 invpcid rdseed adx smap xsaveopt
bogomips	: 5400.08
clflush size	: 64
cache_alignment	: 64
address sizes	: 42 bits physical, 48 bits virtual
power management:



Memory: 4k page, physical 3793220k(117348k free), swap 2097148k(1904k free)

vm_info: OpenJDK 64-Bit Server VM (25.91-b14) for linux-amd64 JRE (1.8.0_91-b14), built on Jun 23 2016 18:22:26 by "mockbuild" with gcc 4.8.5 20150623 (Red Hat 4.8.5-4)

time: Mon Aug 29 09:40:43 2016
elapsed time: 37 seconds (0d 0h 0m 37s)

